Watching for file changes with StatReloader
[30/Jan/2026 18:22:32] "HEAD /admin/ HTTP/1.1" 302 0
[30/Jan/2026 18:22:38] "HEAD /admin/ HTTP/1.1" 302 0
[30/Jan/2026 18:22:47] "GET /admin/login/ HTTP/1.1" 200 4067
[30/Jan/2026 18:22:54] "POST /admin/login/?next=/admin/ HTTP/1.1" 302 0
Forbidden (CSRF token missing.): /admin/
[30/Jan/2026 18:22:54] "POST /admin/ HTTP/1.1" 403 2491
[30/Jan/2026 18:23:46] "POST /admin/login/?next=/admin/ HTTP/1.1" 302 0
[30/Jan/2026 18:23:46] "GET /admin/ HTTP/1.1" 200 10018
[30/Jan/2026 18:23:46] "GET /static/admin/css/dashboard.css HTTP/1.1" 200 441
[30/Jan/2026 18:23:46] "GET /static/admin/img/icon-changelink.svg HTTP/1.1" 200 978
[30/Jan/2026 18:23:46] "GET /static/admin/img/icon-addlink.svg HTTP/1.1" 200 593
Not Found: /
[30/Jan/2026 18:23:59] "GET / HTTP/1.1" 404 2310
[30/Jan/2026 18:24:02] "GET /admin/ HTTP/1.1" 200 10018
[30/Jan/2026 18:24:03] "GET /admin/accounts/partnerorganisation/ HTTP/1.1" 200 14216
[30/Jan/2026 18:24:03] "GET /static/admin/css/changelists.css HTTP/1.1" 200 7501
[30/Jan/2026 18:24:03] "GET /static/admin/js/jquery.init.js HTTP/1.1" 200 347
[30/Jan/2026 18:24:03] "GET /static/admin/js/core.js HTTP/1.1" 200 6208
[30/Jan/2026 18:24:03] "GET /static/admin/js/actions.js HTTP/1.1" 200 8076
[30/Jan/2026 18:24:03] "GET /static/admin/js/prepopulate.js HTTP/1.1" 200 1531
[30/Jan/2026 18:24:03] "GET /static/admin/js/admin/RelatedObjectLookups.js HTTP/1.1" 200 9777
[30/Jan/2026 18:24:03] "GET /static/admin/js/urlify.js HTTP/1.1" 200 7887
[30/Jan/2026 18:24:03] "GET /admin/jsi18n/ HTTP/1.1" 200 3342
[30/Jan/2026 18:24:03] "GET /static/admin/img/search.svg HTTP/1.1" 200 607
[30/Jan/2026 18:24:03] "GET /static/admin/js/vendor/jquery/jquery.js HTTP/1.1" 200 285314
[30/Jan/2026 18:24:03] "GET /static/admin/js/vendor/xregexp/xregexp.js HTTP/1.1" 200 325171
[30/Jan/2026 18:24:03] "GET /static/admin/js/filters.js HTTP/1.1" 200 978
[30/Jan/2026 18:24:03] "GET /static/admin/img/tooltag-add.svg HTTP/1.1" 200 593
[30/Jan/2026 18:24:06] "GET /admin/ HTTP/1.1" 200 10018
Not Found: /
[30/Jan/2026 18:24:09] "GET / HTTP/1.1" 404 2310
[30/Jan/2026 18:24:18] "GET /admin/ HTTP/1.1" 200 10018
Not Found: /
[30/Jan/2026 18:24:33] "GET / HTTP/1.1" 404 2310
[30/Jan/2026 18:24:36] "GET /admin/ HTTP/1.1" 200 10018
[30/Jan/2026 18:24:39] "POST /admin/logout/ HTTP/1.1" 200 3475
[30/Jan/2026 18:24:39] "GET /static/admin/css/dark_mode.css HTTP/1.1" 304 0
[30/Jan/2026 18:24:39] "GET /static/admin/css/base.css HTTP/1.1" 304 0
[30/Jan/2026 18:24:39] "GET /static/admin/js/theme.js HTTP/1.1" 304 0
[30/Jan/2026 18:24:39] "GET /static/admin/css/nav_sidebar.css HTTP/1.1" 304 0
[30/Jan/2026 18:24:39] "GET /static/admin/css/responsive.css HTTP/1.1" 304 0
[30/Jan/2026 18:24:39] "GET /static/admin/js/nav_sidebar.js HTTP/1.1" 304 0
[30/Jan/2026 18:24:41] "GET /admin/ HTTP/1.1" 302 0
[30/Jan/2026 18:24:41] "GET /admin/login/?next=/admin/ HTTP/1.1" 200 4080
[30/Jan/2026 18:24:41] "GET /static/admin/css/login.css HTTP/1.1" 304 0
[30/Jan/2026 18:25:22] "POST /admin/login/?next=/admin/ HTTP/1.1" 200 4251
/Users/benballester/VS Code projects/Brady Project Reg/brady_portal/urls.py changed, reloading.
Performing system checks...

System check identified no issues (0 silenced).
January 30, 2026 - 18:22:16
Django version 6.0.1, using settings 'brady_portal.settings'
Starting development server at http://127.0.0.1:8000/
Quit the server with CONTROL-C.

WARNING: This is a development server. Do not use it in a production setting. Use a production WSGI or ASGI server instead.
For more information on production servers see: https://docs.djangoproject.com/en/6.0/howto/deployment/
Watching for file changes with StatReloader
/Users/benballester/VS Code projects/Brady Project Reg/brady_portal/urls.py changed, reloading.
Performing system checks...

System check identified no issues (0 silenced).
January 30, 2026 - 18:26:00
Django version 6.0.1, using settings 'brady_portal.settings'
Starting development server at http://127.0.0.1:8000/
Quit the server with CONTROL-C.

WARNING: This is a development server. Do not use it in a production setting. Use a production WSGI or ASGI server instead.
For more information on production servers see: https://docs.djangoproject.com/en/6.0/howto/deployment/
Watching for file changes with StatReloader
[30/Jan/2026 18:27:29] "POST /admin/login/?next=/admin/ HTTP/1.1" 200 4251
[30/Jan/2026 18:27:32] "POST /admin/login/?next=/admin/ HTTP/1.1" 302 0
[30/Jan/2026 18:27:33] "GET /admin/ HTTP/1.1" 200 10018
[30/Jan/2026 18:27:36] "GET / HTTP/1.1" 302 0
[30/Jan/2026 18:27:36] "GET /home/ HTTP/1.1" 200 806
[30/Jan/2026 18:27:48] "GET /admin/ HTTP/1.1" 200 10018
[30/Jan/2026 18:27:50] "GET /admin/auth/group/ HTTP/1.1" 200 11262
[30/Jan/2026 18:27:50] "GET /admin/jsi18n/ HTTP/1.1" 200 3342
[30/Jan/2026 18:27:54] "GET /admin/deals/dealaudit/ HTTP/1.1" 200 14345
[30/Jan/2026 18:27:54] "GET /admin/jsi18n/ HTTP/1.1" 200 3342
[30/Jan/2026 18:27:54] "GET /static/admin/img/sorting-icons.svg HTTP/1.1" 200 1761
[30/Jan/2026 18:28:24] "GET /admin/notifications/notification/ HTTP/1.1" 200 14763
[30/Jan/2026 18:28:24] "GET /admin/jsi18n/ HTTP/1.1" 200 3342
[30/Jan/2026 18:28:24] "GET /static/admin/img/icon-no.svg HTTP/1.1" 200 645
[30/Jan/2026 18:28:24] "GET /static/admin/img/icon-viewlink.svg HTTP/1.1" 200 928
[30/Jan/2026 18:28:24] "GET /static/admin/img/icon-addlink.svg HTTP/1.1" 304 0
[30/Jan/2026 18:28:54] "GET / HTTP/1.1" 302 0
[30/Jan/2026 18:28:54] "GET /home/ HTTP/1.1" 200 806
[30/Jan/2026 18:28:56] "GET /api/deals/ HTTP/1.1" 200 19467
[30/Jan/2026 18:28:56] "GET /static/rest_framework/css/default.css HTTP/1.1" 200 1152
[30/Jan/2026 18:28:56] "GET /static/rest_framework/css/bootstrap-tweaks.css HTTP/1.1" 200 3426
[30/Jan/2026 18:28:56] "GET /static/rest_framework/css/prettify.css HTTP/1.1" 200 817
[30/Jan/2026 18:28:56] "GET /static/rest_framework/js/ajax-form.js HTTP/1.1" 200 3796
[30/Jan/2026 18:28:56] "GET /static/rest_framework/js/csrf.js HTTP/1.1" 200 1793
[30/Jan/2026 18:28:56] "GET /static/rest_framework/js/default.js HTTP/1.1" 200 1268
[30/Jan/2026 18:28:56] "GET /static/rest_framework/js/prettify-min.js HTTP/1.1" 200 13632
[30/Jan/2026 18:28:56] "GET /static/rest_framework/js/bootstrap.min.js HTTP/1.1" 200 39680
[30/Jan/2026 18:28:56] "GET /static/rest_framework/js/load-ajax-form.js HTTP/1.1" 200 59
[30/Jan/2026 18:28:56] "GET /static/rest_framework/js/jquery-3.7.1.min.js HTTP/1.1" 200 87533
[30/Jan/2026 18:28:56] "GET /static/rest_framework/css/bootstrap.min.css HTTP/1.1" 200 121457
[30/Jan/2026 18:28:56] "GET /static/rest_framework/img/grid.png HTTP/1.1" 200 1458
[30/Jan/2026 18:28:56] "GET /static/rest_framework/fonts/glyphicons-halflings-regular.woff2 HTTP/1.1" 200 18028
[30/Jan/2026 18:32:16] "GET /api/ HTTP/1.1" 200 5293
[30/Jan/2026 18:32:18] "OPTIONS /api/ HTTP/1.1" 200 5566
[30/Jan/2026 18:32:20] "GET /api/?format=json HTTP/1.1" 200 56
/Users/benballester/VS Code projects/Brady Project Reg/brady_portal/urls.py changed, reloading.
Performing system checks...

System check identified no issues (0 silenced).
January 30, 2026 - 18:27:06
Django version 6.0.1, using settings 'brady_portal.settings'
Starting development server at http://127.0.0.1:8000/
Quit the server with CONTROL-C.

WARNING: This is a development server. Do not use it in a production setting. Use a production WSGI or ASGI server instead.
For more information on production servers see: https://docs.djangoproject.com/en/6.0/howto/deployment/
Watching for file changes with StatReloader
[30/Jan/2026 18:33:53] "GET / HTTP/1.1" 302 0
[30/Jan/2026 18:33:58] "GET /home/ HTTP/1.1" 200 806
[30/Jan/2026 18:34:04] "GET /accounts/login/ HTTP/1.1" 200 1449
Forbidden (CSRF token missing.): /accounts/login/
[30/Jan/2026 18:34:28] "POST /accounts/login/ HTTP/1.1" 403 2491
[30/Jan/2026 18:34:39] "GET /accounts/login/ HTTP/1.1" 200 1449
[30/Jan/2026 18:34:45] "POST /accounts/login/ HTTP/1.1" 302 0
Not Found: /accounts/profile/
[30/Jan/2026 18:34:45] "POST /accounts/profile/ HTTP/1.1" 404 5096
[30/Jan/2026 18:35:03] "GET /deals/partner/ HTTP/1.1" 200 1967
Performing system checks...

System check identified no issues (0 silenced).
January 30, 2026 - 18:33:35
Django version 6.0.1, using settings 'brady_portal.settings'
Starting development server at http://127.0.0.1:8000/
Quit the server with CONTROL-C.

WARNING: This is a development server. Do not use it in a production setting. Use a production WSGI or ASGI server instead.
For more information on production servers see: https://docs.djangoproject.com/en/6.0/howto/deployment/
Content-Type: text/plain; charset="utf-8"
Content-Transfer-Encoding: 7bit
MIME-Version: 1.0
Subject: Deal Demo Draft - DemoPartner1 status changed to SUBMITTED
From: no-reply@brady.example
To: partner1@example.com, brady1@example.com
Date: Fri, 30 Jan 2026 18:35:15 +0000
Message-ID: <176979811571.14821.5972470160033082454@Bens-MacBook-Air.local>

Status changed from DRAFT to SUBMITTED.

-------------------------------------------------------------------------------
[30/Jan/2026 18:35:15] "POST /deals/1/submit/ HTTP/1.1" 302 0
Forbidden (CSRF token missing.): /deals/1/
[30/Jan/2026 18:35:15] "POST /deals/1/ HTTP/1.1" 403 2491
Internal Server Error: /deals/1/
Traceback (most recent call last):
  File "/Users/benballester/VS Code projects/Brady Project Reg/.venv/lib/python3.13/site-packages/django/template/smartif.py", line 181, in translate_token
    op = OPERATORS[token]
         ~~~~~~~~~^^^^^^^
KeyError: "('BRADY','ADMIN')"

During handling of the above exception, another exception occurred:

Traceback (most recent call last):
  File "/Users/benballester/VS Code projects/Brady Project Reg/.venv/lib/python3.13/site-packages/django/core/handlers/exception.py", line 55, in inner
    response = get_response(request)
  File "/Users/benballester/VS Code projects/Brady Project Reg/.venv/lib/python3.13/site-packages/django/core/handlers/base.py", line 221, in _get_response
    response = response.render()
  File "/Users/benballester/VS Code projects/Brady Project Reg/.venv/lib/python3.13/site-packages/django/template/response.py", line 114, in render
    self.content = self.rendered_content
                   ^^^^^^^^^^^^^^^^^^^^^
  File "/Users/benballester/VS Code projects/Brady Project Reg/.venv/lib/python3.13/site-packages/django/template/response.py", line 90, in rendered_content
    template = self.resolve_template(self.template_name)
  File "/Users/benballester/VS Code projects/Brady Project Reg/.venv/lib/python3.13/site-packages/django/template/response.py", line 72, in resolve_template
    return select_template(template, using=self.using)
  File "/Users/benballester/VS Code projects/Brady Project Reg/.venv/lib/python3.13/site-packages/django/template/loader.py", line 42, in select_template
    return engine.get_template(template_name)
           ~~~~~~~~~~~~~~~~~~~^^^^^^^^^^^^^^^
  File "/Users/benballester/VS Code projects/Brady Project Reg/.venv/lib/python3.13/site-packages/django/template/backends/django.py", line 79, in get_template
    return Template(self.engine.get_template(template_name), self)
                    ~~~~~~~~~~~~~~~~~~~~~~~~^^^^^^^^^^^^^^^
  File "/Users/benballester/VS Code projects/Brady Project Reg/.venv/lib/python3.13/site-packages/django/template/engine.py", line 186, in get_template
    template, origin = self.find_template(template_name)
                       ~~~~~~~~~~~~~~~~~~^^^^^^^^^^^^^^^
  File "/Users/benballester/VS Code projects/Brady Project Reg/.venv/lib/python3.13/site-packages/django/template/engine.py", line 159, in find_template
    template = loader.get_template(name, skip=skip)
  File "/Users/benballester/VS Code projects/Brady Project Reg/.venv/lib/python3.13/site-packages/django/template/loaders/cached.py", line 57, in get_template
    template = super().get_template(template_name, skip)
  File "/Users/benballester/VS Code projects/Brady Project Reg/.venv/lib/python3.13/site-packages/django/template/loaders/base.py", line 28, in get_template
    return Template(
        contents,
    ...<2 lines>...
        self.engine,
    )
  File "/Users/benballester/VS Code projects/Brady Project Reg/.venv/lib/python3.13/site-packages/django/template/base.py", line 157, in __init__
    self.nodelist = self.compile_nodelist()
                    ~~~~~~~~~~~~~~~~~~~~~^^
  File "/Users/benballester/VS Code projects/Brady Project Reg/.venv/lib/python3.13/site-packages/django/template/base.py", line 199, in compile_nodelist
    nodelist = parser.parse()
  File "/Users/benballester/VS Code projects/Brady Project Reg/.venv/lib/python3.13/site-packages/django/template/base.py", line 585, in parse
    raise self.error(token, e)
  File "/Users/benballester/VS Code projects/Brady Project Reg/.venv/lib/python3.13/site-packages/django/template/base.py", line 583, in parse
    compiled_result = compile_func(self, token)
  File "/Users/benballester/VS Code projects/Brady Project Reg/.venv/lib/python3.13/site-packages/django/template/loader_tags.py", line 307, in do_extends
    nodelist = parser.parse()
  File "/Users/benballester/VS Code projects/Brady Project Reg/.venv/lib/python3.13/site-packages/django/template/base.py", line 585, in parse
    raise self.error(token, e)
  File "/Users/benballester/VS Code projects/Brady Project Reg/.venv/lib/python3.13/site-packages/django/template/base.py", line 583, in parse
    compiled_result = compile_func(self, token)
  File "/Users/benballester/VS Code projects/Brady Project Reg/.venv/lib/python3.13/site-packages/django/template/loader_tags.py", line 235, in do_block
    nodelist = parser.parse(("endblock",))
  File "/Users/benballester/VS Code projects/Brady Project Reg/.venv/lib/python3.13/site-packages/django/template/base.py", line 585, in parse
    raise self.error(token, e)
  File "/Users/benballester/VS Code projects/Brady Project Reg/.venv/lib/python3.13/site-packages/django/template/base.py", line 583, in parse
    compiled_result = compile_func(self, token)
  File "/Users/benballester/VS Code projects/Brady Project Reg/.venv/lib/python3.13/site-packages/django/template/defaulttags.py", line 993, in do_if
    condition = TemplateIfParser(parser, bits).parse()
                ~~~~~~~~~~~~~~~~^^^^^^^^^^^^^^
  File "/Users/benballester/VS Code projects/Brady Project Reg/.venv/lib/python3.13/site-packages/django/template/defaulttags.py", line 926, in __init__
    super().__init__(*args, **kwargs)
    ~~~~~~~~~~~~~~~~^^^^^^^^^^^^^^^^^
  File "/Users/benballester/VS Code projects/Brady Project Reg/.venv/lib/python3.13/site-packages/django/template/smartif.py", line 172, in __init__
    mapped_tokens.append(self.translate_token(token))
                         ~~~~~~~~~~~~~~~~~~~~^^^^^^^
  File "/Users/benballester/VS Code projects/Brady Project Reg/.venv/lib/python3.13/site-packages/django/template/smartif.py", line 183, in translate_token
    return self.create_var(token)
           ~~~~~~~~~~~~~~~^^^^^^^
  File "/Users/benballester/VS Code projects/Brady Project Reg/.venv/lib/python3.13/site-packages/django/template/defaulttags.py", line 929, in create_var
    return TemplateLiteral(self.template_parser.compile_filter(value), value)
                           ~~~~~~~~~~~~~~~~~~~~~~~~~~~~~~~~~~~^^^^^^^
  File "/Users/benballester/VS Code projects/Brady Project Reg/.venv/lib/python3.13/site-packages/django/template/base.py", line 676, in compile_filter
    return FilterExpression(token, self)
  File "/Users/benballester/VS Code projects/Brady Project Reg/.venv/lib/python3.13/site-packages/django/template/base.py", line 776, in __init__
    raise TemplateSyntaxError(
    ...<2 lines>...
    )
django.template.exceptions.TemplateSyntaxError: Template: /Users/benballester/VS Code projects/Brady Project Reg/templates/deals/deal_detail.html, Could not parse the remainder: '('BRADY','ADMIN')' from '('BRADY','ADMIN')'
[30/Jan/2026 18:35:27] "GET /deals/1/ HTTP/1.1" 500 210153
Internal Server Error: /deals/1/
Traceback (most recent call last):
  File "/Users/benballester/VS Code projects/Brady Project Reg/.venv/lib/python3.13/site-packages/django/template/smartif.py", line 181, in translate_token
    op = OPERATORS[token]
         ~~~~~~~~~^^^^^^^
KeyError: '(user.role'

During handling of the above exception, another exception occurred:

Traceback (most recent call last):
  File "/Users/benballester/VS Code projects/Brady Project Reg/.venv/lib/python3.13/site-packages/django/core/handlers/exception.py", line 55, in inner
    response = get_response(request)
  File "/Users/benballester/VS Code projects/Brady Project Reg/.venv/lib/python3.13/site-packages/django/core/handlers/base.py", line 221, in _get_response
    response = response.render()
  File "/Users/benballester/VS Code projects/Brady Project Reg/.venv/lib/python3.13/site-packages/django/template/response.py", line 114, in render
    self.content = self.rendered_content
                   ^^^^^^^^^^^^^^^^^^^^^
  File "/Users/benballester/VS Code projects/Brady Project Reg/.venv/lib/python3.13/site-packages/django/template/response.py", line 90, in rendered_content
    template = self.resolve_template(self.template_name)
  File "/Users/benballester/VS Code projects/Brady Project Reg/.venv/lib/python3.13/site-packages/django/template/response.py", line 72, in resolve_template
    return select_template(template, using=self.using)
  File "/Users/benballester/VS Code projects/Brady Project Reg/.venv/lib/python3.13/site-packages/django/template/loader.py", line 42, in select_template
    return engine.get_template(template_name)
           ~~~~~~~~~~~~~~~~~~~^^^^^^^^^^^^^^^
  File "/Users/benballester/VS Code projects/Brady Project Reg/.venv/lib/python3.13/site-packages/django/template/backends/django.py", line 79, in get_template
    return Template(self.engine.get_template(template_name), self)
                    ~~~~~~~~~~~~~~~~~~~~~~~~^^^^^^^^^^^^^^^
  File "/Users/benballester/VS Code projects/Brady Project Reg/.venv/lib/python3.13/site-packages/django/template/engine.py", line 186, in get_template
    template, origin = self.find_template(template_name)
                       ~~~~~~~~~~~~~~~~~~^^^^^^^^^^^^^^^
  File "/Users/benballester/VS Code projects/Brady Project Reg/.venv/lib/python3.13/site-packages/django/template/engine.py", line 159, in find_template
    template = loader.get_template(name, skip=skip)
  File "/Users/benballester/VS Code projects/Brady Project Reg/.venv/lib/python3.13/site-packages/django/template/loaders/cached.py", line 57, in get_template
    template = super().get_template(template_name, skip)
  File "/Users/benballester/VS Code projects/Brady Project Reg/.venv/lib/python3.13/site-packages/django/template/loaders/base.py", line 28, in get_template
    return Template(
        contents,
    ...<2 lines>...
        self.engine,
    )
  File "/Users/benballester/VS Code projects/Brady Project Reg/.venv/lib/python3.13/site-packages/django/template/base.py", line 157, in __init__
    self.nodelist = self.compile_nodelist()
                    ~~~~~~~~~~~~~~~~~~~~~^^
  File "/Users/benballester/VS Code projects/Brady Project Reg/.venv/lib/python3.13/site-packages/django/template/base.py", line 199, in compile_nodelist
    nodelist = parser.parse()
  File "/Users/benballester/VS Code projects/Brady Project Reg/.venv/lib/python3.13/site-packages/django/template/base.py", line 585, in parse
    raise self.error(token, e)
  File "/Users/benballester/VS Code projects/Brady Project Reg/.venv/lib/python3.13/site-packages/django/template/base.py", line 583, in parse
    compiled_result = compile_func(self, token)
  File "/Users/benballester/VS Code projects/Brady Project Reg/.venv/lib/python3.13/site-packages/django/template/loader_tags.py", line 307, in do_extends
    nodelist = parser.parse()
  File "/Users/benballester/VS Code projects/Brady Project Reg/.venv/lib/python3.13/site-packages/django/template/base.py", line 585, in parse
    raise self.error(token, e)
  File "/Users/benballester/VS Code projects/Brady Project Reg/.venv/lib/python3.13/site-packages/django/template/base.py", line 583, in parse
    compiled_result = compile_func(self, token)
  File "/Users/benballester/VS Code projects/Brady Project Reg/.venv/lib/python3.13/site-packages/django/template/loader_tags.py", line 235, in do_block
    nodelist = parser.parse(("endblock",))
  File "/Users/benballester/VS Code projects/Brady Project Reg/.venv/lib/python3.13/site-packages/django/template/base.py", line 585, in parse
    raise self.error(token, e)
  File "/Users/benballester/VS Code projects/Brady Project Reg/.venv/lib/python3.13/site-packages/django/template/base.py", line 583, in parse
    compiled_result = compile_func(self, token)
  File "/Users/benballester/VS Code projects/Brady Project Reg/.venv/lib/python3.13/site-packages/django/template/defaulttags.py", line 993, in do_if
    condition = TemplateIfParser(parser, bits).parse()
                ~~~~~~~~~~~~~~~~^^^^^^^^^^^^^^
  File "/Users/benballester/VS Code projects/Brady Project Reg/.venv/lib/python3.13/site-packages/django/template/defaulttags.py", line 926, in __init__
    super().__init__(*args, **kwargs)
    ~~~~~~~~~~~~~~~~^^^^^^^^^^^^^^^^^
  File "/Users/benballester/VS Code projects/Brady Project Reg/.venv/lib/python3.13/site-packages/django/template/smartif.py", line 172, in __init__
    mapped_tokens.append(self.translate_token(token))
                         ~~~~~~~~~~~~~~~~~~~~^^^^^^^
  File "/Users/benballester/VS Code projects/Brady Project Reg/.venv/lib/python3.13/site-packages/django/template/smartif.py", line 183, in translate_token
    return self.create_var(token)
           ~~~~~~~~~~~~~~~^^^^^^^
  File "/Users/benballester/VS Code projects/Brady Project Reg/.venv/lib/python3.13/site-packages/django/template/defaulttags.py", line 929, in create_var
    return TemplateLiteral(self.template_parser.compile_filter(value), value)
                           ~~~~~~~~~~~~~~~~~~~~~~~~~~~~~~~~~~~^^^^^^^
  File "/Users/benballester/VS Code projects/Brady Project Reg/.venv/lib/python3.13/site-packages/django/template/base.py", line 676, in compile_filter
    return FilterExpression(token, self)
  File "/Users/benballester/VS Code projects/Brady Project Reg/.venv/lib/python3.13/site-packages/django/template/base.py", line 776, in __init__
    raise TemplateSyntaxError(
    ...<2 lines>...
    )
django.template.exceptions.TemplateSyntaxError: Template: /Users/benballester/VS Code projects/Brady Project Reg/templates/deals/deal_detail.html, Could not parse the remainder: '(user.role' from '(user.role'
[30/Jan/2026 18:35:50] "GET /deals/1/ HTTP/1.1" 500 209783
[30/Jan/2026 18:36:08] "GET /deals/1/ HTTP/1.1" 200 1592
[30/Jan/2026 18:36:22] "GET /accounts/login/ HTTP/1.1" 200 1449
[30/Jan/2026 18:36:22] "POST /accounts/login/ HTTP/1.1" 302 0
Not Found: /accounts/profile/
[30/Jan/2026 18:36:22] "POST /accounts/profile/ HTTP/1.1" 404 5096
[30/Jan/2026 18:36:35] "GET /deals/brady/ HTTP/1.1" 200 2975
Content-Type: text/plain; charset="utf-8"
Content-Transfer-Encoding: 7bit
MIME-Version: 1.0
Subject: Deal Demo Draft - DemoPartner1 status changed to APPROVED
From: no-reply@brady.example
To: partner1@example.com
Date: Fri, 30 Jan 2026 18:36:46 +0000
Message-ID: <176979820683.14821.8944192435812236260@Bens-MacBook-Air.local>

Status changed from SUBMITTED to APPROVED.

-------------------------------------------------------------------------------
[30/Jan/2026 18:36:46] "POST /deals/1/approve/ HTTP/1.1" 302 0
Forbidden (CSRF token missing.): /deals/1/
[30/Jan/2026 18:36:46] "POST /deals/1/ HTTP/1.1" 403 2491
[30/Jan/2026 18:36:52] "GET /deals/1/ HTTP/1.1" 200 1585
Forbidden (CSRF token missing.): /deals/1/approve/
[30/Jan/2026 18:36:58] "POST /deals/1/approve/ HTTP/1.1" 403 2491
[30/Jan/2026 18:39:16] "GET / HTTP/1.1" 302 0
[30/Jan/2026 18:39:16] "GET /home/ HTTP/1.1" 200 806
[30/Jan/2026 18:39:18] "GET /admin/ HTTP/1.1" 200 10018
[30/Jan/2026 18:39:18] "GET /static/admin/css/nav_sidebar.css HTTP/1.1" 304 0
[30/Jan/2026 18:39:18] "GET /static/admin/css/base.css HTTP/1.1" 304 0
[30/Jan/2026 18:39:18] "GET /static/admin/css/dark_mode.css HTTP/1.1" 304 0
[30/Jan/2026 18:39:18] "GET /static/admin/css/responsive.css HTTP/1.1" 304 0
[30/Jan/2026 18:39:18] "GET /static/admin/css/dashboard.css HTTP/1.1" 304 0
[30/Jan/2026 18:39:18] "GET /static/admin/js/theme.js HTTP/1.1" 304 0
[30/Jan/2026 18:39:18] "GET /static/admin/js/nav_sidebar.js HTTP/1.1" 304 0
[30/Jan/2026 18:39:18] "GET /static/admin/img/icon-changelink.svg HTTP/1.1" 304 0
[30/Jan/2026 18:39:18] "GET /static/admin/img/icon-addlink.svg HTTP/1.1" 304 0
[30/Jan/2026 18:39:20] "GET / HTTP/1.1" 302 0
[30/Jan/2026 18:39:20] "GET /home/ HTTP/1.1" 200 806
[30/Jan/2026 18:39:24] "GET /api/ HTTP/1.1" 200 5293
[30/Jan/2026 18:39:24] "GET /static/rest_framework/css/bootstrap-tweaks.css HTTP/1.1" 304 0
[30/Jan/2026 18:39:24] "GET /static/rest_framework/css/bootstrap.min.css HTTP/1.1" 304 0
[30/Jan/2026 18:39:24] "GET /static/rest_framework/css/prettify.css HTTP/1.1" 304 0
[30/Jan/2026 18:39:24] "GET /static/rest_framework/js/jquery-3.7.1.min.js HTTP/1.1" 304 0
[30/Jan/2026 18:39:24] "GET /static/rest_framework/css/default.css HTTP/1.1" 304 0
[30/Jan/2026 18:39:24] "GET /static/rest_framework/js/ajax-form.js HTTP/1.1" 304 0
[30/Jan/2026 18:39:24] "GET /static/rest_framework/js/csrf.js HTTP/1.1" 304 0
[30/Jan/2026 18:39:24] "GET /static/rest_framework/js/bootstrap.min.js HTTP/1.1" 304 0
[30/Jan/2026 18:39:24] "GET /static/rest_framework/js/load-ajax-form.js HTTP/1.1" 304 0
[30/Jan/2026 18:39:24] "GET /static/rest_framework/js/default.js HTTP/1.1" 304 0
[30/Jan/2026 18:39:24] "GET /static/rest_framework/js/prettify-min.js HTTP/1.1" 304 0
[30/Jan/2026 18:39:24] "GET /static/rest_framework/img/grid.png HTTP/1.1" 304 0
[30/Jan/2026 18:39:26] "GET /api/deals/ HTTP/1.1" 200 20361
[30/Jan/2026 18:39:26] "GET /static/rest_framework/fonts/glyphicons-halflings-regular.woff2 HTTP/1.1" 304 0
[30/Jan/2026 18:39:30] "GET /admin/ HTTP/1.1" 200 10018
[30/Jan/2026 18:39:33] "GET / HTTP/1.1" 302 0
[30/Jan/2026 18:39:33] "GET /home/ HTTP/1.1" 200 806
Not Found: /login
[30/Jan/2026 18:39:39] "GET /login HTTP/1.1" 404 2948
/Users/benballester/VS Code projects/Brady Project Reg/api/urls.py changed, reloading.
Watching for file changes with StatReloader
/Users/benballester/VS Code projects/Brady Project Reg/brady_portal/urls.py changed, reloading.
Performing system checks...

System check identified no issues (0 silenced).
January 30, 2026 - 18:42:26
Django version 6.0.1, using settings 'brady_portal.settings'
Starting development server at http://127.0.0.1:8000/
Quit the server with CONTROL-C.

WARNING: This is a development server. Do not use it in a production setting. Use a production WSGI or ASGI server instead.
For more information on production servers see: https://docs.djangoproject.com/en/6.0/howto/deployment/
Watching for file changes with StatReloader
[30/Jan/2026 18:46:43] "GET /home/ HTTP/1.1" 200 806
[31/Jan/2026 08:40:55] "GET /api/deals/ HTTP/1.1" 200 20361
[31/Jan/2026 08:40:55] "GET /static/rest_framework/js/csrf.js HTTP/1.1" 304 0
[31/Jan/2026 08:40:55] "GET /static/rest_framework/css/bootstrap.min.css HTTP/1.1" 304 0
[31/Jan/2026 08:40:55] "GET /static/rest_framework/css/default.css HTTP/1.1" 304 0
[31/Jan/2026 08:40:55] "GET /static/rest_framework/css/bootstrap-tweaks.css HTTP/1.1" 304 0
[31/Jan/2026 08:40:55] "GET /static/rest_framework/css/prettify.css HTTP/1.1" 304 0
[31/Jan/2026 08:40:55] "GET /static/rest_framework/js/jquery-3.7.1.min.js HTTP/1.1" 304 0
[31/Jan/2026 08:40:55] "GET /static/rest_framework/js/bootstrap.min.js HTTP/1.1" 304 0
[31/Jan/2026 08:40:55] "GET /static/rest_framework/js/prettify-min.js HTTP/1.1" 304 0
[31/Jan/2026 08:40:55] "GET /static/rest_framework/js/ajax-form.js HTTP/1.1" 304 0
[31/Jan/2026 08:40:55] "GET /static/rest_framework/js/default.js HTTP/1.1" 304 0
[31/Jan/2026 08:40:55] "GET /static/rest_framework/js/load-ajax-form.js HTTP/1.1" 304 0
[31/Jan/2026 08:40:55] "GET /static/rest_framework/img/grid.png HTTP/1.1" 304 0
[31/Jan/2026 08:40:56] "GET /static/rest_framework/fonts/glyphicons-halflings-regular.woff2 HTTP/1.1" 304 0
[31/Jan/2026 08:41:05] "GET /admin/ HTTP/1.1" 200 10018
[31/Jan/2026 08:41:08] "POST /admin/logout/ HTTP/1.1" 200 3475
[31/Jan/2026 08:41:08] "GET /static/admin/css/dark_mode.css HTTP/1.1" 304 0
[31/Jan/2026 08:41:08] "GET /static/admin/css/base.css HTTP/1.1" 304 0
[31/Jan/2026 08:41:08] "GET /static/admin/css/nav_sidebar.css HTTP/1.1" 304 0
[31/Jan/2026 08:41:08] "GET /static/admin/css/responsive.css HTTP/1.1" 304 0
[31/Jan/2026 08:41:08] "GET /static/admin/js/theme.js HTTP/1.1" 304 0
[31/Jan/2026 08:41:08] "GET /static/admin/js/nav_sidebar.js HTTP/1.1" 304 0
[31/Jan/2026 08:41:09] "GET /admin/ HTTP/1.1" 302 0
[31/Jan/2026 08:41:09] "GET /admin/login/?next=/admin/ HTTP/1.1" 200 4080
[31/Jan/2026 08:41:10] "GET /static/admin/css/login.css HTTP/1.1" 304 0
[31/Jan/2026 08:41:18] "POST /admin/login/?next=/admin/ HTTP/1.1" 200 4251
[31/Jan/2026 08:41:24] "POST /admin/login/?next=/admin/ HTTP/1.1" 200 4251
[31/Jan/2026 08:41:34] "POST /admin/login/?next=/admin/ HTTP/1.1" 200 4251
[31/Jan/2026 08:42:02] "POST /admin/login/?next=/admin/ HTTP/1.1" 200 4249
/Users/benballester/VS Code projects/Brady Project Reg/brady_portal/settings.py changed, reloading.
Performing system checks...

System check identified no issues (0 silenced).
January 30, 2026 - 18:43:07
Django version 6.0.1, using settings 'brady_portal.settings'
Starting development server at http://127.0.0.1:8000/
Quit the server with CONTROL-C.

WARNING: This is a development server. Do not use it in a production setting. Use a production WSGI or ASGI server instead.
For more information on production servers see: https://docs.djangoproject.com/en/6.0/howto/deployment/
Watching for file changes with StatReloader
[31/Jan/2026 09:13:53] "GET /accounts/login/ HTTP/1.1" 200 1449
[31/Jan/2026 09:14:12] "POST /accounts/login/ HTTP/1.1" 302 0
[31/Jan/2026 09:14:12] "GET /deals/ HTTP/1.1" 302 0
[31/Jan/2026 09:14:12] "GET /deals/partner/ HTTP/1.1" 200 3059
[31/Jan/2026 09:14:20] "GET /deals/1/ HTTP/1.1" 200 2864
[31/Jan/2026 09:14:25] "GET /home/ HTTP/1.1" 200 806
[31/Jan/2026 09:14:28] "GET /deals/ HTTP/1.1" 302 0
[31/Jan/2026 09:14:28] "GET /deals/partner/ HTTP/1.1" 200 3059
[31/Jan/2026 09:14:30] "GET /home/ HTTP/1.1" 200 806
Method Not Allowed (GET): /accounts/logout/
[31/Jan/2026 09:14:43] "GET /accounts/logout/ HTTP/1.1" 405 0
Method Not Allowed (GET): /accounts/logout/
[31/Jan/2026 09:14:45] "GET /accounts/logout/ HTTP/1.1" 405 0
Method Not Allowed (GET): /accounts/logout/
[31/Jan/2026 09:14:45] "GET /accounts/logout/ HTTP/1.1" 405 0
[31/Jan/2026 09:14:49] "GET /deals/ HTTP/1.1" 302 0
[31/Jan/2026 09:14:49] "GET /deals/partner/ HTTP/1.1" 200 3059
[31/Jan/2026 09:14:50] "GET /deals/2/ HTTP/1.1" 200 2869
[31/Jan/2026 09:14:52] "GET /deals/ HTTP/1.1" 302 0
[31/Jan/2026 09:14:52] "GET /deals/partner/ HTTP/1.1" 200 3059
[31/Jan/2026 09:14:58] "GET /deals/create/ HTTP/1.1" 200 4313
[31/Jan/2026 09:15:37] "POST /deals/create/ HTTP/1.1" 302 0
[31/Jan/2026 09:15:37] "GET /deals/ HTTP/1.1" 302 0
[31/Jan/2026 09:15:37] "GET /deals/partner/ HTTP/1.1" 200 3596
Performing system checks...

System check identified no issues (0 silenced).
January 31, 2026 - 08:43:01
Django version 6.0.1, using settings 'brady_portal.settings'
Starting development server at http://127.0.0.1:8000/
Quit the server with CONTROL-C.

WARNING: This is a development server. Do not use it in a production setting. Use a production WSGI or ASGI server instead.
For more information on production servers see: https://docs.djangoproject.com/en/6.0/howto/deployment/
Content-Type: text/plain; charset="utf-8"
Content-Transfer-Encoding: 7bit
MIME-Version: 1.0
Subject: Deal Test1 - DemoPartner1 status changed to SUBMITTED
From: no-reply@brady.example
To: partner1@example.com, brady1@example.com, admin1@example.com
Date: Sat, 31 Jan 2026 09:15:42 +0000
Message-ID: <176985094227.27210.5980154046070449963@bens-macbook-air.local>

Status changed from DRAFT to SUBMITTED.

-------------------------------------------------------------------------------
[31/Jan/2026 09:15:42] "POST /deals/4/submit/ HTTP/1.1" 302 0
[31/Jan/2026 09:15:42] "GET /deals/4/ HTTP/1.1" 200 3206
[31/Jan/2026 09:15:46] "GET /deals/ HTTP/1.1" 302 0
[31/Jan/2026 09:15:46] "GET /deals/partner/ HTTP/1.1" 200 3522
[31/Jan/2026 09:15:54] "GET / HTTP/1.1" 302 0
[31/Jan/2026 09:15:54] "GET /home/ HTTP/1.1" 200 806
[31/Jan/2026 09:15:55] "GET /admin/ HTTP/1.1" 302 0
[31/Jan/2026 09:15:55] "GET /admin/login/?next=/admin/ HTTP/1.1" 200 3597
[31/Jan/2026 09:16:04] "GET /deals/4/ HTTP/1.1" 200 3121
[31/Jan/2026 09:16:08] "GET /accounts/login/ HTTP/1.1" 200 3252
[31/Jan/2026 09:16:19] "POST /accounts/login/ HTTP/1.1" 302 0
[31/Jan/2026 09:16:19] "GET /deals/ HTTP/1.1" 302 0
[31/Jan/2026 09:16:19] "GET /deals/brady/ HTTP/1.1" 200 4824
[31/Jan/2026 09:16:45] "GET / HTTP/1.1" 302 0
[31/Jan/2026 09:16:45] "GET /home/ HTTP/1.1" 200 806
[31/Jan/2026 09:19:34] "GET /deals/brady/ HTTP/1.1" 200 4830
[31/Jan/2026 09:19:36] "GET / HTTP/1.1" 302 0
[31/Jan/2026 09:19:36] "GET /home/ HTTP/1.1" 200 572
[31/Jan/2026 09:19:39] "GET /deals/ HTTP/1.1" 302 0
[31/Jan/2026 09:19:39] "GET /deals/brady/ HTTP/1.1" 200 4830
[31/Jan/2026 09:19:40] "GET /deals/ HTTP/1.1" 302 0
[31/Jan/2026 09:19:40] "GET /deals/brady/ HTTP/1.1" 200 4830
[31/Jan/2026 09:19:41] "GET /deals/ HTTP/1.1" 302 0
[31/Jan/2026 09:19:41] "GET /deals/brady/ HTTP/1.1" 200 4830
[31/Jan/2026 09:19:43] "GET /deals/ HTTP/1.1" 302 0
[31/Jan/2026 09:19:43] "GET /deals/brady/ HTTP/1.1" 200 4830
[31/Jan/2026 09:19:44] "GET /deals/ HTTP/1.1" 302 0
[31/Jan/2026 09:19:44] "GET /deals/brady/ HTTP/1.1" 200 4830
[31/Jan/2026 09:19:44] "GET /deals/ HTTP/1.1" 302 0
[31/Jan/2026 09:19:45] "GET /deals/brady/ HTTP/1.1" 200 4830
[31/Jan/2026 09:19:46] "GET /deals/ HTTP/1.1" 302 0
[31/Jan/2026 09:19:46] "GET /deals/brady/ HTTP/1.1" 200 4830
Method Not Allowed (GET): /accounts/logout/
[31/Jan/2026 09:19:53] "GET /accounts/logout/ HTTP/1.1" 405 0
/Users/benballester/VS Code projects/Brady Project Reg/accounts/models.py changed, reloading.
Watching for file changes with StatReloader
Method Not Allowed (GET): /accounts/logout/
[31/Jan/2026 09:23:09] "GET /accounts/logout/ HTTP/1.1" 405 0
[31/Jan/2026 09:23:13] "GET /deals/brady/ HTTP/1.1" 200 4839
[31/Jan/2026 09:23:16] "GET /deals/ HTTP/1.1" 302 0
[31/Jan/2026 09:23:16] "GET /deals/brady/ HTTP/1.1" 200 4839
[31/Jan/2026 09:23:17] "GET /deals/ HTTP/1.1" 302 0
[31/Jan/2026 09:23:17] "GET /deals/brady/ HTTP/1.1" 200 4839
[31/Jan/2026 09:23:17] "GET / HTTP/1.1" 302 0
[31/Jan/2026 09:23:17] "GET /home/ HTTP/1.1" 200 572
[31/Jan/2026 09:23:20] "GET /deals/ HTTP/1.1" 302 0
[31/Jan/2026 09:23:20] "GET /deals/brady/ HTTP/1.1" 200 4839
Not Found: /login
[31/Jan/2026 09:23:26] "GET /login HTTP/1.1" 404 3105
[31/Jan/2026 09:23:33] "GET / HTTP/1.1" 302 0
[31/Jan/2026 09:23:33] "GET /home/ HTTP/1.1" 200 572
[31/Jan/2026 09:23:34] "GET /deals/ HTTP/1.1" 302 0
[31/Jan/2026 09:23:34] "GET /deals/brady/ HTTP/1.1" 200 4839
Method Not Allowed (GET): /accounts/logout/
[31/Jan/2026 09:23:36] "GET /accounts/logout/ HTTP/1.1" 405 0
Method Not Allowed (GET): /accounts/logout/
[31/Jan/2026 09:24:45] "GET /accounts/logout/ HTTP/1.1" 405 0
Method Not Allowed (GET): /accounts/logout/
[31/Jan/2026 09:24:48] "GET /accounts/logout/ HTTP/1.1" 405 0
Method Not Allowed (GET): /accounts/logout/
[31/Jan/2026 09:24:49] "GET /accounts/logout/ HTTP/1.1" 405 0
[31/Jan/2026 09:24:52] "GET /deals/ HTTP/1.1" 302 0
[31/Jan/2026 09:24:52] "GET /deals/brady/ HTTP/1.1" 200 4839
[31/Jan/2026 09:24:53] "GET /deals/ HTTP/1.1" 302 0
[31/Jan/2026 09:24:53] "GET /deals/brady/ HTTP/1.1" 200 4839
[31/Jan/2026 09:24:54] "GET /deals/ HTTP/1.1" 302 0
[31/Jan/2026 09:24:54] "GET /deals/brady/ HTTP/1.1" 200 4839
[31/Jan/2026 09:24:54] "GET / HTTP/1.1" 302 0
[31/Jan/2026 09:24:54] "GET /home/ HTTP/1.1" 200 572
